[2024-07-31T02:54:46.140+0000] {local_task_job_runner.py:120} INFO - ::group::Pre task execution logs
[2024-07-31T02:54:46.170+0000] {taskinstance.py:2076} INFO - Dependencies all met for dep_context=non-requeueable deps ti=<TaskInstance: Pipeline.data_cleansing scheduled__2024-07-31T02:52:00+00:00 [queued]>
[2024-07-31T02:54:46.179+0000] {taskinstance.py:2076} INFO - Dependencies all met for dep_context=requeueable deps ti=<TaskInstance: Pipeline.data_cleansing scheduled__2024-07-31T02:52:00+00:00 [queued]>
[2024-07-31T02:54:46.181+0000] {taskinstance.py:2306} INFO - Starting attempt 2 of 2
[2024-07-31T02:54:46.194+0000] {taskinstance.py:2330} INFO - Executing <Task(PythonOperator): data_cleansing> on 2024-07-31 02:52:00+00:00
[2024-07-31T02:54:46.202+0000] {standard_task_runner.py:64} INFO - Started process 12711 to run task
[2024-07-31T02:54:46.205+0000] {standard_task_runner.py:90} INFO - Running: ['***', 'tasks', 'run', 'Pipeline', 'data_cleansing', 'scheduled__2024-07-31T02:52:00+00:00', '--job-id', '605', '--raw', '--subdir', 'DAGS_FOLDER/pipeline.py', '--cfg-path', '/tmp/tmpz3r2xx3k']
[2024-07-31T02:54:46.209+0000] {standard_task_runner.py:91} INFO - Job 605: Subtask data_cleansing
[2024-07-31T02:54:46.260+0000] {task_command.py:426} INFO - Running <TaskInstance: Pipeline.data_cleansing scheduled__2024-07-31T02:52:00+00:00 [running]> on host f17ca52b44b4
[2024-07-31T02:54:46.363+0000] {taskinstance.py:2648} INFO - Exporting env vars: AIRFLOW_CTX_DAG_OWNER='***' AIRFLOW_CTX_DAG_ID='Pipeline' AIRFLOW_CTX_TASK_ID='data_cleansing' AIRFLOW_CTX_EXECUTION_DATE='2024-07-31T02:52:00+00:00' AIRFLOW_CTX_TRY_NUMBER='2' AIRFLOW_CTX_DAG_RUN_ID='scheduled__2024-07-31T02:52:00+00:00'
[2024-07-31T02:54:46.364+0000] {taskinstance.py:430} INFO - ::endgroup::
[2024-07-31T02:54:46.633+0000] {taskinstance.py:441} INFO - ::group::Post task execution logs
[2024-07-31T02:54:46.634+0000] {taskinstance.py:2905} ERROR - Task failed with exception
Traceback (most recent call last):
  File "/home/airflow/.local/lib/python3.8/site-packages/airflow/models/taskinstance.py", line 465, in _execute_task
    result = _execute_callable(context=context, **execute_callable_kwargs)
  File "/home/airflow/.local/lib/python3.8/site-packages/airflow/models/taskinstance.py", line 432, in _execute_callable
    return execute_callable(context=context, **execute_callable_kwargs)
  File "/home/airflow/.local/lib/python3.8/site-packages/airflow/models/baseoperator.py", line 401, in wrapper
    return func(self, *args, **kwargs)
  File "/home/airflow/.local/lib/python3.8/site-packages/airflow/operators/python.py", line 235, in execute
    return_value = self.execute_callable()
  File "/home/airflow/.local/lib/python3.8/site-packages/airflow/operators/python.py", line 252, in execute_callable
    return self.python_callable(*self.op_args, **self.op_kwargs)
  File "/opt/airflow/dags/funtions.py", line 130, in data_cleansing
    data_df = data_df.drop(columns=['orden'])
  File "/home/airflow/.local/lib/python3.8/site-packages/pandas/core/frame.py", line 5258, in drop
    return super().drop(
  File "/home/airflow/.local/lib/python3.8/site-packages/pandas/core/generic.py", line 4549, in drop
    obj = obj._drop_axis(labels, axis, level=level, errors=errors)
  File "/home/airflow/.local/lib/python3.8/site-packages/pandas/core/generic.py", line 4591, in _drop_axis
    new_axis = axis.drop(labels, errors=errors)
  File "/home/airflow/.local/lib/python3.8/site-packages/pandas/core/indexes/base.py", line 6699, in drop
    raise KeyError(f"{list(labels[mask])} not found in axis")
KeyError: "['orden'] not found in axis"
[2024-07-31T02:54:46.654+0000] {taskinstance.py:1206} INFO - Marking task as FAILED. dag_id=Pipeline, task_id=data_cleansing, run_id=scheduled__2024-07-31T02:52:00+00:00, execution_date=20240731T025200, start_date=20240731T025446, end_date=20240731T025446
[2024-07-31T02:54:46.676+0000] {standard_task_runner.py:110} ERROR - Failed to execute job 605 for task data_cleansing ("['orden'] not found in axis"; 12711)
[2024-07-31T02:54:46.700+0000] {local_task_job_runner.py:243} INFO - Task exited with return code 1
[2024-07-31T02:54:46.735+0000] {taskinstance.py:3503} INFO - 0 downstream tasks scheduled from follow-on schedule check
[2024-07-31T02:54:46.740+0000] {local_task_job_runner.py:222} INFO - ::endgroup::
